<?xml version="1.0" encoding="UTF-8"?>
<!-- Generated by org.testng.reporters.JUnitReportReporter -->
<testsuite hostname="DESKTOP-RKDJRII" failures="0" tests="4" name="mavenDemo.Demo2" time="0.006" errors="0" timestamp="2024-01-03T12:44:55 IST" skipped="1">
  <testcase classname="mavenDemo.Demo2" name="demo1" time="0.002"/>
  <system-out/>
  <testcase classname="mavenDemo.Demo2" name="demo2" time="0.001"/>
  <system-out/>
  <testcase classname="mavenDemo.Demo2" name="demo2" time="0.003"/>
  <system-out/>
  <testcase classname="mavenDemo.Demo2" name="demo3">
    <skipped/>
  </testcase> <!-- demo3 -->
  <system-out/>
</testsuite> <!-- mavenDemo.Demo2 -->
