<?xml version="1.0" encoding="UTF-8"?>
<!-- Generated by org.testng.reporters.JUnitReportReporter -->
<testsuite hostname="DESKTOP-RKDJRII" failures="0" tests="3" name="mavenDemo.Demo1" time="0.015" errors="0" timestamp="2024-01-03T12:44:55 IST" skipped="0">
  <testcase classname="mavenDemo.Demo1" name="demo2" time="0.002"/>
  <system-out/>
  <testcase classname="mavenDemo.Demo1" name="demo1" time="0.012"/>
  <system-out/>
  <testcase classname="mavenDemo.Demo1" name="demo3" time="0.001"/>
  <system-out/>
</testsuite> <!-- mavenDemo.Demo1 -->
